<?xml version="1.0" encoding="UTF-8"?>
<!-- Generated by org.testng.reporters.JUnitXMLReporter -->
<testsuite ignored="2" hostname="DESKTOP-1B8IFFF" failures="0" tests="2" name="Test" time="0.03" errors="0" timestamp="2021-07-21T13:02:31 IST">
  <testcase classname="TestNg.Anotations" name="TestScript" time="0.003"/>
  <testcase classname="TestNg.Anotations" name="TestScript2" time="0.001"/>
  <testcase classname="TestNg.Anotations" name="TestScript3" time="0.0">
    <ignored/>
  </testcase> <!-- TestScript3 -->
  <testcase classname="TestNg.Anotations" name="gruop" time="0.0">
    <ignored/>
  </testcase> <!-- gruop -->
</testsuite> <!-- Test -->
