<?xml version="1.0" encoding="UTF-8"?>
<testng-results ignored="0" total="2" passed="2" failed="0" skipped="0">
  <reporter-output>
  </reporter-output>
  <suite started-at="2022-02-09T18:38:52 IST" name="Default suite" finished-at="2022-02-09T18:39:00 IST" duration-ms="7296">
    <groups>
    </groups>
    <test started-at="2022-02-09T18:38:52 IST" name="Default test" finished-at="2022-02-09T18:39:00 IST" duration-ms="7296">
      <class name="TestNg.CrossBrowser">
        <test-method signature="Test1()[pri:0, instance:TestNg.CrossBrowser@79da8dc5]" started-at="2022-02-09T18:38:52 IST" name="Test1" finished-at="2022-02-09T18:38:56 IST" duration-ms="3389" status="PASS">
          <reporter-output>
          </reporter-output>
        </test-method> <!-- Test1 -->
        <test-method signature="Test2()[pri:0, instance:TestNg.CrossBrowser@79da8dc5]" started-at="2022-02-09T18:38:56 IST" name="Test2" finished-at="2022-02-09T18:39:00 IST" duration-ms="3879" status="PASS">
          <reporter-output>
          </reporter-output>
        </test-method> <!-- Test2 -->
      </class> <!-- TestNg.CrossBrowser -->
    </test> <!-- Default test -->
  </suite> <!-- Default suite -->
</testng-results>
