<?xml version="1.0" encoding="UTF-8"?>
<testng-results ignored="0" total="1" passed="1" failed="0" skipped="0">
  <reporter-output>
  </reporter-output>
  <suite started-at="2021-08-04T19:27:08 IST" name="Default suite" finished-at="2021-08-04T19:27:42 IST" duration-ms="33826">
    <groups>
    </groups>
    <test started-at="2021-08-04T19:27:08 IST" name="Default test" finished-at="2021-08-04T19:27:42 IST" duration-ms="33826">
      <class name="WelcomepageTest">
        <test-method is-config="true" signature="setup()[pri:0, instance:WelcomepageTest@3d6f0054]" started-at="2021-08-04T19:27:08 IST" name="setup" finished-at="2021-08-04T19:27:14 IST" duration-ms="5953" status="PASS">
          <reporter-output>
          </reporter-output>
        </test-method> <!-- setup -->
        <test-method signature="logoValidation()[pri:0, instance:WelcomepageTest@3d6f0054]" started-at="2021-08-04T19:27:14 IST" name="logoValidation" finished-at="2021-08-04T19:27:42 IST" duration-ms="27821" status="PASS">
          <reporter-output>
          </reporter-output>
        </test-method> <!-- logoValidation -->
      </class> <!-- WelcomepageTest -->
    </test> <!-- Default test -->
  </suite> <!-- Default suite -->
</testng-results>
